Job runs on node:
eu-g5-045-3
REPETITIONS=8
COSTTYPE=earth-mover
NUMINPUTQUBITS=8
NUMMIDDLEQUBIT=2
EPOCHS=5000
OPTSTEP=0.2
BATCHSIZE=10
VALSPLIT=0.2
FRACSAMPLEDSTATES=0.25
LISTOPSUPPORT=1 2 3
LISTOPSUPPORTPROBS=1. 1. 1.
LISTOPSUPPORTMAXRANGE=1 5 3
RUNID=1
srun -N 1 -n 1 python Cluster/single_run.py -ni 8 -nt 2 -b 10 -e 5000 -v 0.2 -sz 0.2 -of 'runs' -ls 1 2 3  -lp 1. 1. 1.  -lr 1 5 3
Wires([0, 1, 2, 3, 4, 5, 6, 7])
Wires([0, 1, 2, 3, 4, 5, 6, 7])
Running AE with 8 input qubit and 2 trash qubit in batches of 10
Epoch 1, 	Batch:0, 	Train Loss = 1.768994, 	Val Loss = 0.000000Epoch 1, 	Batch:1, 	Train Loss = 1.751468, 	Val Loss = 0.000000Epoch 1, 	Batch:2, 	Train Loss = 1.650397, 	Val Loss = 0.000000Epoch 1, 	Batch:3, 	Train Loss = 1.536397, 	Val Loss = 0.000000Epoch 1, 	Batch:4, 	Train Loss = 1.422219, 	Val Loss = 0.000000Epoch 1, 	Batch:5, 	Train Loss = 1.350115, 	Val Loss = 0.000000Epoch 1, 	Batch:6, 	Train Loss = 1.271673, 	Val Loss = 0.000000Epoch 1, 	Batch:7, 	Train Loss = 1.219703, 	Val Loss = 0.000000Wires([0, 1, 2, 3, 4, 5, 6, 7])
Wires([0, 1, 2, 3, 4, 5, 6, 7])
Running AE with 8 input qubit and 2 trash qubit in batches of 10
Epoch 1, 	Batch:0, 	Train Loss = 2.631984, 	Val Loss = 0.000000Epoch 1, 	Batch:1, 	Train Loss = 2.244572, 	Val Loss = 0.000000Epoch 1, 	Batch:2, 	Train Loss = 2.298560, 	Val Loss = 0.000000Epoch 1, 	Batch:3, 	Train Loss = 2.120599, 	Val Loss = 0.000000Epoch 1, 	Batch:4, 	Train Loss = 2.015564, 	Val Loss = 0.000000Epoch 1, 	Batch:5, 	Train Loss = 1.814289, 	Val Loss = 0.000000Epoch 1, 	Batch:6, 	Train Loss = 1.736048, 	Val Loss = 0.000000Epoch 1, 	Batch:7, 	Train Loss = 1.684567, 	Val Loss = 0.000000job finished
