Job runs on node:
eu-g9-045-1
REPETITIONS=8
COSTTYPE=earth-mover
NUMINPUTQUBITS=8
NUMMIDDLEQUBIT=2
EPOCHS=5000
OPTSTEP=0.2
BATCHSIZE=20
VALSPLIT=0.2
FRACSAMPLEDSTATES=0.25
LISTOPSUPPORT=1 2 3
LISTOPSUPPORTPROBS=1. 1. 1.
LISTOPSUPPORTMAXRANGE=1 5 3
RUNID=0
srun -N 1 -n 1 python Cluster/single_run.py -ni 8 -nt 2 -b 20 -e 5000 -v 0.2 -sz 0.2 -of 'runs' -ls 1 2 3  -lp 1. 1. 1.  -lr 1 5 3
Wires([0, 1, 2, 3, 4, 5, 6, 7])
Wires([0, 1, 2, 3, 4, 5, 6, 7])
Running AE with 8 input qubit and 2 trash qubit in batches of 20
Epoch 1, 	Batch:0, 	Train Loss = 2.939134, 	Val Loss = 0.000000Epoch 1, 	Batch:1, 	Train Loss = 2.125543, 	Val Loss = 0.000000Epoch 1, 	Batch:2, 	Train Loss = 2.151991, 	Val Loss = 0.000000Epoch 1, 	Batch:3, 	Train Loss = 1.969374, 	Val Loss = 0.000000Wires([0, 1, 2, 3, 4, 5, 6, 7])
Wires([0, 1, 2, 3, 4, 5, 6, 7])
Running AE with 8 input qubit and 2 trash qubit in batches of 20
Epoch 1, 	Batch:0, 	Train Loss = 1.425179, 	Val Loss = 0.000000Epoch 1, 	Batch:1, 	Train Loss = 1.323308, 	Val Loss = 0.000000Epoch 1, 	Batch:2, 	Train Loss = 1.136431, 	Val Loss = 0.000000Epoch 1, 	Batch:3, 	Train Loss = 1.052880, 	Val Loss = 0.000000job finished
