Job runs on node:
eu-g9-034-3
REPETITIONS=8
COSTTYPE=earth-mover
NUMINPUTQUBITS=8
NUMMIDDLEQUBIT=2
EPOCHS=5000
OPTSTEP=0.2
BATCHSIZE=10
VALSPLIT=0.2
FRACSAMPLEDSTATES=0.25
LISTOPSUPPORT=1 2 3
LISTOPSUPPORTPROBS=1. 1. 1.
LISTOPSUPPORTMAXRANGE=1 5 3
RUNID=3
srun -N 1 -n 1 python Cluster/single_run.py -ni 8 -nt 2 -b 10 -e 5000 -v 0.2 -sz 0.2 -of 'runs' -ls 1 2 3  -lp 1. 1. 1.  -lr 1 5 3
Wires([0, 1, 2, 3, 4, 5, 6, 7])
Wires([0, 1, 2, 3, 4, 5, 6, 7])
Running AE with 8 input qubit and 2 trash qubit in batches of 10
Epoch 1, 	Batch:0, 	Train Loss = 2.239133, 	Val Loss = 0.000000Epoch 1, 	Batch:1, 	Train Loss = 2.017933, 	Val Loss = 0.000000Epoch 1, 	Batch:2, 	Train Loss = 1.675127, 	Val Loss = 0.000000Epoch 1, 	Batch:3, 	Train Loss = 1.601163, 	Val Loss = 0.000000Epoch 1, 	Batch:4, 	Train Loss = 1.545234, 	Val Loss = 0.000000Epoch 1, 	Batch:5, 	Train Loss = 1.414772, 	Val Loss = 0.000000Epoch 1, 	Batch:6, 	Train Loss = 1.392531, 	Val Loss = 0.000000Epoch 1, 	Batch:7, 	Train Loss = 1.338411, 	Val Loss = 0.000000Wires([0, 1, 2, 3, 4, 5, 6, 7])
Wires([0, 1, 2, 3, 4, 5, 6, 7])
Running AE with 8 input qubit and 2 trash qubit in batches of 10
Epoch 1, 	Batch:0, 	Train Loss = 1.770848, 	Val Loss = 0.000000Epoch 1, 	Batch:1, 	Train Loss = 1.895806, 	Val Loss = 0.000000Epoch 1, 	Batch:2, 	Train Loss = 2.197472, 	Val Loss = 0.000000Epoch 1, 	Batch:3, 	Train Loss = 2.111666, 	Val Loss = 0.000000Epoch 1, 	Batch:4, 	Train Loss = 2.168008, 	Val Loss = 0.000000Epoch 1, 	Batch:5, 	Train Loss = 2.132922, 	Val Loss = 0.000000Epoch 1, 	Batch:6, 	Train Loss = 2.048558, 	Val Loss = 0.000000Epoch 1, 	Batch:7, 	Train Loss = 2.012339, 	Val Loss = 0.000000job finished
