Job runs on node:
eu-g9-019-1
REPETITIONS=8
COSTTYPE=earth-mover
NUMINPUTQUBITS=8
NUMMIDDLEQUBIT=4
EPOCHS=5000
OPTSTEP=0.2
BATCHSIZE=50
VALSPLIT=0.2
FRACSAMPLEDSTATES=0.25
LISTOPSUPPORT=1 2 3
LISTOPSUPPORTPROBS=1. 1. 1.
LISTOPSUPPORTMAXRANGE=1 5 3
RUNID=0
['runs/50/loss_train0', 'runs/50/loss_val0', 'runs/50/weights0']
Running AE with 8 input qubit and 4 trash qubit in batches of 50
['runs/50/loss_train0', 'runs/50/loss_val0', 'runs/50/weights0']
Running AE with 8 input qubit and 4 trash qubit in batches of 50
job finished
