Many modules are hidden in this stack. Use "module --show_hidden spider SOFTWARE" if you are not able to find the required software
usage: ProgramName [-h] [-ni N_INPUT_QUBIT] [-nt N_TRASH_QUBIT]
                   [-b BATCH_SIZE] [-e EPOCHS] [--seed SEED]
                   [-v VAL_PERCENTAGE] [-sz STEP_SIZE] [-of OUTPUT_FOLDER]
                   [-io] [-fs FRAC_SAMPLED] [-ls [LIST_OP_SUPPORT ...]]
                   [-lp [LIST_OP_SUPPORT_PROBS ...]]
                   [-lr [LIST_OP_SUPPORT_MAX_RANGE ...]]
                   [-sr SUPPORT_LIST_M_RANGE]
ProgramName: error: argument -nt/--n_trash_qubit: expected one argument
srun: error: eu-g9-020-3: task 0: Exited with exit code 2
srun: Job 17087761 step creation temporarily disabled, retrying (Requested nodes are busy)
srun: Step created for StepId=17087761.1
usage: ProgramName [-h] [-ni N_INPUT_QUBIT] [-nt N_TRASH_QUBIT]
                   [-b BATCH_SIZE] [-e EPOCHS] [--seed SEED]
                   [-v VAL_PERCENTAGE] [-sz STEP_SIZE] [-of OUTPUT_FOLDER]
                   [-io] [-fs FRAC_SAMPLED] [-ls [LIST_OP_SUPPORT ...]]
                   [-lp [LIST_OP_SUPPORT_PROBS ...]]
                   [-lr [LIST_OP_SUPPORT_MAX_RANGE ...]]
                   [-sr SUPPORT_LIST_M_RANGE]
ProgramName: error: argument -nt/--n_trash_qubit: expected one argument
srun: error: eu-g9-020-3: task 0: Exited with exit code 2
