Job runs on node:
eu-g9-046-1
REPETITIONS=8
COSTTYPE=earth-mover
NUMINPUTQUBITS=8
NUMMIDDLEQUBIT=1
EPOCHS=5000
OPTSTEP=0.2
BATCHSIZE=10
VALSPLIT=0.2
FRACSAMPLEDSTATES=0.25
LISTOPSUPPORT=1 2 3
LISTOPSUPPORTPROBS=1. 1. 1.
LISTOPSUPPORTMAXRANGE=1 5 3
RUNID=0
srun -N 1 -n 1 python Cluster/single_run.py -ni 8 -nt 1 -b 10 -e 5000 -v 0.2 -sz 0.2 -of 'runs' -ls 1 2 3  -lp 1. 1. 1.  -lr 1 5 3
Wires([0, 1, 2, 3, 4, 5, 6, 7])
Wires([0, 1, 2, 3, 4, 5, 6, 7])
Running AE with 8 input qubit and 1 trash qubit in batches of 10
Epoch 1, 	Batch:0, 	Train Loss = 1.758525, 	Val Loss = 0.000000Epoch 1, 	Batch:1, 	Train Loss = 1.207237, 	Val Loss = 0.000000Epoch 1, 	Batch:2, 	Train Loss = 1.038339, 	Val Loss = 0.000000Epoch 1, 	Batch:3, 	Train Loss = 0.960474, 	Val Loss = 0.000000Epoch 1, 	Batch:4, 	Train Loss = 0.871058, 	Val Loss = 0.000000Epoch 1, 	Batch:5, 	Train Loss = 0.785397, 	Val Loss = 0.000000Epoch 1, 	Batch:6, 	Train Loss = 0.734262, 	Val Loss = 0.000000Epoch 1, 	Batch:7, 	Train Loss = 0.719510, 	Val Loss = 0.000000Wires([0, 1, 2, 3, 4, 5, 6, 7])
Wires([0, 1, 2, 3, 4, 5, 6, 7])
Running AE with 8 input qubit and 1 trash qubit in batches of 10
Epoch 1, 	Batch:0, 	Train Loss = 1.223636, 	Val Loss = 0.000000Epoch 1, 	Batch:1, 	Train Loss = 1.100555, 	Val Loss = 0.000000Epoch 1, 	Batch:2, 	Train Loss = 0.910499, 	Val Loss = 0.000000Epoch 1, 	Batch:3, 	Train Loss = 0.789441, 	Val Loss = 0.000000Epoch 1, 	Batch:4, 	Train Loss = 0.754515, 	Val Loss = 0.000000Epoch 1, 	Batch:5, 	Train Loss = 0.702952, 	Val Loss = 0.000000Epoch 1, 	Batch:6, 	Train Loss = 0.681516, 	Val Loss = 0.000000Epoch 1, 	Batch:7, 	Train Loss = 0.676649, 	Val Loss = 0.000000job finished
