Job runs on node:
eu-g9-007-1
REPETITIONS=8
COSTTYPE=earth-mover
NUMINPUTQUBITS=8
NUMMIDDLEQUBIT=3
EPOCHS=5000
OPTSTEP=0.2
BATCHSIZE=10
VALSPLIT=0.2
FRACSAMPLEDSTATES=0.25
LISTOPSUPPORT=1 2 3
LISTOPSUPPORTPROBS=1. 1. 1.
LISTOPSUPPORTMAXRANGE=1 5 3
RUNID=4
srun -N 1 -n 1 python Cluster/single_run.py -ni 8 -nt 3 -b 10 -e 5000 -v 0.2 -sz 0.2 -of 'runs' -ls 1 2 3  -lp 1. 1. 1.  -lr 1 5 3
Wires([0, 1, 2, 3, 4, 5, 6, 7])
Wires([0, 1, 2, 3, 4, 5, 6, 7])
Running AE with 8 input qubit and 3 trash qubit in batches of 10
Epoch 1, 	Batch:0, 	Train Loss = 2.208271, 	Val Loss = 0.000000Epoch 1, 	Batch:1, 	Train Loss = 2.175959, 	Val Loss = 0.000000Epoch 1, 	Batch:2, 	Train Loss = 2.292507, 	Val Loss = 0.000000Epoch 1, 	Batch:3, 	Train Loss = 2.060622, 	Val Loss = 0.000000Epoch 1, 	Batch:4, 	Train Loss = 1.876448, 	Val Loss = 0.000000Epoch 1, 	Batch:5, 	Train Loss = 1.804562, 	Val Loss = 0.000000Epoch 1, 	Batch:6, 	Train Loss = 1.810352, 	Val Loss = 0.000000Epoch 1, 	Batch:7, 	Train Loss = 1.726403, 	Val Loss = 0.000000Wires([0, 1, 2, 3, 4, 5, 6, 7])
Wires([0, 1, 2, 3, 4, 5, 6, 7])
Running AE with 8 input qubit and 3 trash qubit in batches of 10
Epoch 1, 	Batch:0, 	Train Loss = 2.742162, 	Val Loss = 0.000000Epoch 1, 	Batch:1, 	Train Loss = 2.570407, 	Val Loss = 0.000000Epoch 1, 	Batch:2, 	Train Loss = 2.343430, 	Val Loss = 0.000000Epoch 1, 	Batch:3, 	Train Loss = 2.222460, 	Val Loss = 0.000000Epoch 1, 	Batch:4, 	Train Loss = 2.144641, 	Val Loss = 0.000000Epoch 1, 	Batch:5, 	Train Loss = 1.961306, 	Val Loss = 0.000000Epoch 1, 	Batch:6, 	Train Loss = 1.878669, 	Val Loss = 0.000000Epoch 1, 	Batch:7, 	Train Loss = 1.772556, 	Val Loss = 0.000000job finished
