Job runs on node:
eu-g5-041-4
REPETITIONS=8
COSTTYPE=earth-mover
NUMINPUTQUBITS=8
NUMMIDDLEQUBIT=1
EPOCHS=5000
OPTSTEP=0.2
BATCHSIZE=10
VALSPLIT=0.2
FRACSAMPLEDSTATES=0.25
LISTOPSUPPORT=1 2 3
LISTOPSUPPORTPROBS=1. 1. 1.
LISTOPSUPPORTMAXRANGE=1 5 3
RUNID=3
srun -N 1 -n 1 python Cluster/single_run.py -ni 8 -nt 1 -b 10 -e 5000 -v 0.2 -sz 0.2 -of 'runs' -ls 1 2 3  -lp 1. 1. 1.  -lr 1 5 3
Wires([0, 1, 2, 3, 4, 5, 6, 7])
Wires([0, 1, 2, 3, 4, 5, 6, 7])
Running AE with 8 input qubit and 1 trash qubit in batches of 10
Epoch 1, 	Batch:0, 	Train Loss = 2.861560, 	Val Loss = 0.000000Epoch 1, 	Batch:1, 	Train Loss = 2.454843, 	Val Loss = 0.000000Epoch 1, 	Batch:2, 	Train Loss = 2.104954, 	Val Loss = 0.000000Epoch 1, 	Batch:3, 	Train Loss = 1.807743, 	Val Loss = 0.000000Epoch 1, 	Batch:4, 	Train Loss = 1.701651, 	Val Loss = 0.000000Epoch 1, 	Batch:5, 	Train Loss = 1.514166, 	Val Loss = 0.000000Epoch 1, 	Batch:6, 	Train Loss = 1.446027, 	Val Loss = 0.000000Epoch 1, 	Batch:7, 	Train Loss = 1.357425, 	Val Loss = 0.000000Wires([0, 1, 2, 3, 4, 5, 6, 7])
Wires([0, 1, 2, 3, 4, 5, 6, 7])
Running AE with 8 input qubit and 1 trash qubit in batches of 10
Epoch 1, 	Batch:0, 	Train Loss = 2.081258, 	Val Loss = 0.000000Epoch 1, 	Batch:1, 	Train Loss = 1.693054, 	Val Loss = 0.000000Epoch 1, 	Batch:2, 	Train Loss = 1.520688, 	Val Loss = 0.000000Epoch 1, 	Batch:3, 	Train Loss = 1.426442, 	Val Loss = 0.000000Epoch 1, 	Batch:4, 	Train Loss = 1.359579, 	Val Loss = 0.000000Epoch 1, 	Batch:5, 	Train Loss = 1.228640, 	Val Loss = 0.000000Epoch 1, 	Batch:6, 	Train Loss = 1.127226, 	Val Loss = 0.000000Epoch 1, 	Batch:7, 	Train Loss = 1.116032, 	Val Loss = 0.000000job finished
