Job runs on node:
eu-g5-046-4
REPETITIONS=8
COSTTYPE=earth-mover
NUMINPUTQUBITS=8
NUMMIDDLEQUBIT=5
EPOCHS=5000
OPTSTEP=0.2
BATCHSIZE=100
VALSPLIT=0.2
FRACSAMPLEDSTATES=0.25
LISTOPSUPPORT=1 2 3
LISTOPSUPPORTPROBS=1. 1. 1.
LISTOPSUPPORTMAXRANGE=1 5 3
RUNID=0
['runs/100/loss_train0', 'runs/100/loss_val0', 'runs/100/weights0']
Running AE with 8 input qubit and 5 trash qubit in batches of 100
['runs/100/loss_train0', 'runs/100/loss_val0', 'runs/100/weights0']
Running AE with 8 input qubit and 5 trash qubit in batches of 100
job finished
